#
# There is insufficient memory for the Java Runtime Environment to continue.
# Native memory allocation (malloc) failed to allocate 644336 bytes for Chunk::new
# Possible reasons:
#   The system is out of physical RAM or swap space
#   In 32 bit mode, the process size limit was hit
# Possible solutions:
#   Reduce memory load on the system
#   Increase physical memory or swap space
#   Check if swap backing store is full
#   Use 64 bit Java on a 64 bit OS
#   Decrease Java heap size (-Xmx/-Xms)
#   Decrease number of Java threads
#   Decrease Java thread stack sizes (-Xss)
#   Set larger code cache with -XX:ReservedCodeCacheSize=
# This output file may be truncated or incomplete.
#
#  Out of Memory Error (allocation.cpp:390), pid=13632, tid=0x00000000000040f8
#
# JRE version: Java(TM) SE Runtime Environment (8.0_181-b13) (build 1.8.0_181-b13)
# Java VM: Java HotSpot(TM) 64-Bit Server VM (25.181-b13 mixed mode windows-amd64 compressed oops)
# Failed to write core dump. Minidumps are not enabled by default on client versions of Windows
#

---------------  T H R E A D  ---------------

Current thread (0x000000001886f800):  JavaThread "C2 CompilerThread0" daemon [_thread_in_native, id=16632, stack(0x0000000019fb0000,0x000000001a0b0000)]

Stack: [0x0000000019fb0000,0x000000001a0b0000]
[error occurred during error reporting (printing stack bounds), id 0xc0000005]

Native frames: (J=compiled Java code, j=interpreted, Vv=VM code, C=native code)


Current CompileTask:
C2:   2151 1209       4       java.net.URLStreamHandler::parseURL (1193 bytes)


---------------  P R O C E S S  ---------------

Java Threads: ( => current thread )
  0x000000001aec2800 JavaThread "Hibernate Connection Pool Validation Thread" daemon [_thread_blocked, id=14172, stack(0x000000001bcf0000,0x000000001bdf0000)]
  0x000000001ad10000 JavaThread "MySQL Statement Cancellation Timer" daemon [_thread_blocked, id=12692, stack(0x000000001bbf0000,0x000000001bcf0000)]
  0x000000001a2e4800 JavaThread "Service Thread" daemon [_thread_blocked, id=16444, stack(0x000000001a6b0000,0x000000001a7b0000)]
  0x0000000018879800 JavaThread "C1 CompilerThread2" daemon [_thread_blocked, id=15484, stack(0x000000001a1b0000,0x000000001a2b0000)]
  0x0000000018872800 JavaThread "C2 CompilerThread1" daemon [_thread_in_native, id=13428, stack(0x000000001a0b0000,0x000000001a1b0000)]
=>0x000000001886f800 JavaThread "C2 CompilerThread0" daemon [_thread_in_native, id=16632, stack(0x0000000019fb0000,0x000000001a0b0000)]
  0x000000001886d800 JavaThread "Attach Listener" daemon [_thread_blocked, id=9052, stack(0x0000000019eb0000,0x0000000019fb0000)]
  0x000000001886c000 JavaThread "Signal Dispatcher" daemon [_thread_blocked, id=18312, stack(0x0000000019db0000,0x0000000019eb0000)]
  0x0000000004fac800 JavaThread "Finalizer" daemon [_thread_blocked, id=11180, stack(0x0000000019ac0000,0x0000000019bc0000)]
  0x0000000004fa3000 JavaThread "Reference Handler" daemon [_thread_blocked, id=7352, stack(0x00000000199c0000,0x0000000019ac0000)]
  0x0000000004eb2800 JavaThread "main" [_thread_in_Java, id=17220, stack(0x0000000004d40000,0x0000000004e40000)]

Other Threads:
  0x0000000018837000 VMThread [stack: 0x00000000198c0000,0x00000000199c0000] [id=3440]
  0x000000001a305000 WatcherThread [stack: 0x000000001a7b0000,0x000000001a8b0000] [id=13576]

VM state:not at safepoint (normal execution)

VM Mutex/Monitor currently owned by a thread: None

Heap:
 PSYoungGen      total 28672K, used 14828K [0x00000000e0700000, 0x00000000e2700000, 0x0000000100000000)
  eden space 24576K, 43% used [0x00000000e0700000,0x00000000e117dfe0,0x00000000e1f00000)
  from space 4096K, 99% used [0x00000000e1f00000,0x00000000e22fd140,0x00000000e2300000)
  to   space 4096K, 0% used [0x00000000e2300000,0x00000000e2300000,0x00000000e2700000)
 ParOldGen       total 44032K, used 4983K [0x00000000a1400000, 0x00000000a3f00000, 0x00000000e0700000)
  object space 44032K, 11% used [0x00000000a1400000,0x00000000a18ddc30,0x00000000a3f00000)
 Metaspace       used 25001K, capacity 25268K, committed 25600K, reserved 1077248K
  class space    used 3440K, capacity 3547K, committed 3584K, reserved 1048576K

Card table byte_map: [0x0000000014370000,0x0000000014670000] byte_map_base: 0x0000000013e66000

Marking Bits: (ParMarkBitMap*) 0x0000000069722d00
 Begin Bits: [0x0000000014c70000, 0x0000000016420000)
 End Bits:   [0x0000000016420000, 0x0000000017bd0000)

Polling page: 0x0000000004b50000

CodeCache: size=245760Kb used=4397Kb max_used=4397Kb free=241362Kb
 bounds [0x0000000004fb0000, 0x0000000005400000, 0x0000000013fb0000]
 total_blobs=1761 nmethods=1290 adapters=383
 compilation: enabled

Compilation events (10 events):
Event: 2.108 Thread 0x0000000018879800 1279       3       net.bytebuddy.description.method.MethodList$ForLoadedMethods::size (20 bytes)
Event: 2.109 Thread 0x0000000018879800 nmethod 1279 0x00000000053f6c10 code [0x00000000053f6d80, 0x00000000053f7078]
Event: 2.109 Thread 0x0000000018879800 1280       1       net.bytebuddy.description.method.MethodDescription$ForLoadedMethod::getLoadedMethod (5 bytes)
Event: 2.109 Thread 0x0000000018879800 nmethod 1280 0x00000000053f7190 code [0x00000000053f72e0, 0x00000000053f73f0]
Event: 2.109 Thread 0x0000000018879800 1275       1       sun.reflect.ClassFileAssembler::getStack (5 bytes)
Event: 2.109 Thread 0x0000000018879800 nmethod 1275 0x00000000053f7450 code [0x00000000053f75a0, 0x00000000053f76b0]
Event: 2.109 Thread 0x0000000018879800 1282       3       net.bytebuddy.description.method.MethodDescription$ForLoadedMethod::<init> (10 bytes)
Event: 2.109 Thread 0x0000000018879800 nmethod 1282 0x00000000053f7710 code [0x00000000053f7880, 0x00000000053f7bd0]
Event: 2.115 Thread 0x0000000018872800 1283   !   4       java.net.URLClassLoader::findClass (47 bytes)
Event: 2.117 Thread 0x0000000018872800 nmethod 1283 0x00000000053fb750 code [0x00000000053fb8e0, 0x00000000053fbad8]

GC Heap History (10 events):
Event: 0.533 GC heap before
{Heap before GC invocations=2 (full 0):
 PSYoungGen      total 28672K, used 25333K [0x00000000e0700000, 0x00000000e2700000, 0x0000000100000000)
  eden space 24576K, 100% used [0x00000000e0700000,0x00000000e1f00000,0x00000000e1f00000)
  from space 4096K, 18% used [0x00000000e1f00000,0x00000000e1fbd5c8,0x00000000e2300000)
  to   space 4096K, 0% used [0x00000000e2300000,0x00000000e2300000,0x00000000e2700000)
 ParOldGen       total 65536K, used 8K [0x00000000a1400000, 0x00000000a5400000, 0x00000000e0700000)
  object space 65536K, 0% used [0x00000000a1400000,0x00000000a1402000,0x00000000a5400000)
 Metaspace       used 7191K, capacity 7322K, committed 7424K, reserved 1056768K
  class space    used 895K, capacity 952K, committed 1024K, reserved 1048576K
Event: 0.536 GC heap after
Heap after GC invocations=2 (full 0):
 PSYoungGen      total 28672K, used 3265K [0x00000000e0700000, 0x00000000e2700000, 0x0000000100000000)
  eden space 24576K, 0% used [0x00000000e0700000,0x00000000e0700000,0x00000000e1f00000)
  from space 4096K, 79% used [0x00000000e2300000,0x00000000e26306c0,0x00000000e2700000)
  to   space 4096K, 0% used [0x00000000e1f00000,0x00000000e1f00000,0x00000000e2300000)
 ParOldGen       total 65536K, used 16K [0x00000000a1400000, 0x00000000a5400000, 0x00000000e0700000)
  object space 65536K, 0% used [0x00000000a1400000,0x00000000a1404000,0x00000000a5400000)
 Metaspace       used 7191K, capacity 7322K, committed 7424K, reserved 1056768K
  class space    used 895K, capacity 952K, committed 1024K, reserved 1048576K
}
Event: 1.216 GC heap before
{Heap before GC invocations=3 (full 0):
 PSYoungGen      total 28672K, used 27841K [0x00000000e0700000, 0x00000000e2700000, 0x0000000100000000)
  eden space 24576K, 100% used [0x00000000e0700000,0x00000000e1f00000,0x00000000e1f00000)
  from space 4096K, 79% used [0x00000000e2300000,0x00000000e26306c0,0x00000000e2700000)
  to   space 4096K, 0% used [0x00000000e1f00000,0x00000000e1f00000,0x00000000e2300000)
 ParOldGen       total 65536K, used 16K [0x00000000a1400000, 0x00000000a5400000, 0x00000000e0700000)
  object space 65536K, 0% used [0x00000000a1400000,0x00000000a1404000,0x00000000a5400000)
 Metaspace       used 14792K, capacity 14954K, committed 15232K, reserved 1062912K
  class space    used 1999K, capacity 2082K, committed 2176K, reserved 1048576K
Event: 1.222 GC heap after
Heap after GC invocations=3 (full 0):
 PSYoungGen      total 28672K, used 4065K [0x00000000e0700000, 0x00000000e2700000, 0x0000000100000000)
  eden space 24576K, 0% used [0x00000000e0700000,0x00000000e0700000,0x00000000e1f00000)
  from space 4096K, 99% used [0x00000000e1f00000,0x00000000e22f8760,0x00000000e2300000)
  to   space 4096K, 0% used [0x00000000e2300000,0x00000000e2300000,0x00000000e2700000)
 ParOldGen       total 65536K, used 2159K [0x00000000a1400000, 0x00000000a5400000, 0x00000000e0700000)
  object space 65536K, 3% used [0x00000000a1400000,0x00000000a161bee8,0x00000000a5400000)
 Metaspace       used 14792K, capacity 14954K, committed 15232K, reserved 1062912K
  class space    used 1999K, capacity 2082K, committed 2176K, reserved 1048576K
}
Event: 1.345 GC heap before
{Heap before GC invocations=4 (full 0):
 PSYoungGen      total 28672K, used 11592K [0x00000000e0700000, 0x00000000e2700000, 0x0000000100000000)
  eden space 24576K, 30% used [0x00000000e0700000,0x00000000e0e598a0,0x00000000e1f00000)
  from space 4096K, 99% used [0x00000000e1f00000,0x00000000e22f8760,0x00000000e2300000)
  to   space 4096K, 0% used [0x00000000e2300000,0x00000000e2300000,0x00000000e2700000)
 ParOldGen       total 65536K, used 2159K [0x00000000a1400000, 0x00000000a5400000, 0x00000000e0700000)
  object space 65536K, 3% used [0x00000000a1400000,0x00000000a161bee8,0x00000000a5400000)
 Metaspace       used 17252K, capacity 17420K, committed 17536K, reserved 1075200K
  class space    used 2318K, capacity 2393K, committed 2432K, reserved 1048576K
Event: 1.349 GC heap after
Heap after GC invocations=4 (full 0):
 PSYoungGen      total 28672K, used 4064K [0x00000000e0700000, 0x00000000e2700000, 0x0000000100000000)
  eden space 24576K, 0% used [0x00000000e0700000,0x00000000e0700000,0x00000000e1f00000)
  from space 4096K, 99% used [0x00000000e2300000,0x00000000e26f8208,0x00000000e2700000)
  to   space 4096K, 0% used [0x00000000e1f00000,0x00000000e1f00000,0x00000000e2300000)
 ParOldGen       total 65536K, used 2426K [0x00000000a1400000, 0x00000000a5400000, 0x00000000e0700000)
  object space 65536K, 3% used [0x00000000a1400000,0x00000000a165eb48,0x00000000a5400000)
 Metaspace       used 17252K, capacity 17420K, committed 17536K, reserved 1075200K
  class space    used 2318K, capacity 2393K, committed 2432K, reserved 1048576K
}
Event: 1.349 GC heap before
{Heap before GC invocations=5 (full 1):
 PSYoungGen      total 28672K, used 4064K [0x00000000e0700000, 0x00000000e2700000, 0x0000000100000000)
  eden space 24576K, 0% used [0x00000000e0700000,0x00000000e0700000,0x00000000e1f00000)
  from space 4096K, 99% used [0x00000000e2300000,0x00000000e26f8208,0x00000000e2700000)
  to   space 4096K, 0% used [0x00000000e1f00000,0x00000000e1f00000,0x00000000e2300000)
 ParOldGen       total 65536K, used 2426K [0x00000000a1400000, 0x00000000a5400000, 0x00000000e0700000)
  object space 65536K, 3% used [0x00000000a1400000,0x00000000a165eb48,0x00000000a5400000)
 Metaspace       used 17252K, capacity 17420K, committed 17536K, reserved 1075200K
  class space    used 2318K, capacity 2393K, committed 2432K, reserved 1048576K
Event: 1.367 GC heap after
Heap after GC invocations=5 (full 1):
 PSYoungGen      total 28672K, used 0K [0x00000000e0700000, 0x00000000e2700000, 0x0000000100000000)
  eden space 24576K, 0% used [0x00000000e0700000,0x00000000e0700000,0x00000000e1f00000)
  from space 4096K, 0% used [0x00000000e2300000,0x00000000e2300000,0x00000000e2700000)
  to   space 4096K, 0% used [0x00000000e1f00000,0x00000000e1f00000,0x00000000e2300000)
 ParOldGen       total 44032K, used 4273K [0x00000000a1400000, 0x00000000a3f00000, 0x00000000e0700000)
  object space 44032K, 9% used [0x00000000a1400000,0x00000000a182c4c0,0x00000000a3f00000)
 Metaspace       used 17252K, capacity 17420K, committed 17536K, reserved 1071104K
  class space    used 2318K, capacity 2393K, committed 2432K, reserved 1048576K
}
Event: 1.964 GC heap before
{Heap before GC invocations=6 (full 1):
 PSYoungGen      total 28672K, used 24576K [0x00000000e0700000, 0x00000000e2700000, 0x0000000100000000)
  eden space 24576K, 100% used [0x00000000e0700000,0x00000000e1f00000,0x00000000e1f00000)
  from space 4096K, 0% used [0x00000000e2300000,0x00000000e2300000,0x00000000e2700000)
  to   space 4096K, 0% used [0x00000000e1f00000,0x00000000e1f00000,0x00000000e2300000)
 ParOldGen       total 44032K, used 4273K [0x00000000a1400000, 0x00000000a3f00000, 0x00000000e0700000)
  object space 44032K, 9% used [0x00000000a1400000,0x00000000a182c4c0,0x00000000a3f00000)
 Metaspace       used 22594K, capacity 22832K, committed 23168K, reserved 1075200K
  class space    used 3054K, capacity 3151K, committed 3200K, reserved 1048576K
Event: 1.969 GC heap after
Heap after GC invocations=6 (full 1):
 PSYoungGen      total 28672K, used 4084K [0x00000000e0700000, 0x00000000e2700000, 0x0000000100000000)
  eden space 24576K, 0% used [0x00000000e0700000,0x00000000e0700000,0x00000000e1f00000)
  from space 4096K, 99% used [0x00000000e1f00000,0x00000000e22fd140,0x00000000e2300000)
  to   space 4096K, 0% used [0x00000000e2300000,0x00000000e2300000,0x00000000e2700000)
 ParOldGen       total 44032K, used 4983K [0x00000000a1400000, 0x00000000a3f00000, 0x00000000e0700000)
  object space 44032K, 11% used [0x00000000a1400000,0x00000000a18ddc30,0x00000000a3f00000)
 Metaspace       used 22594K, capacity 22832K, committed 23168K, reserved 1075200K
  class space    used 3054K, capacity 3151K, committed 3200K, reserved 1048576K
}

Deoptimization events (10 events):
Event: 0.739 Thread 0x0000000004eb2800 Uncommon trap: reason=unstable_if action=reinterpret pc=0x000000000515bfe8 method=java.lang.String.indexOf([CII[CIII)I @ 134
Event: 0.865 Thread 0x0000000004eb2800 Uncommon trap: reason=range_check action=make_not_entrant pc=0x0000000005261ba0 method=sun.reflect.generics.parser.SignatureParser.current()C @ 34
Event: 0.944 Thread 0x0000000004eb2800 Uncommon trap: reason=unstable_if action=reinterpret pc=0x00000000051c8558 method=java.lang.AbstractStringBuilder.append(Ljava/lang/String;)Ljava/lang/AbstractStringBuilder; @ 1
Event: 0.966 Thread 0x0000000004eb2800 Uncommon trap: reason=unstable_if action=reinterpret pc=0x000000000525a534 method=sun.misc.MetaIndex.mayContain(Ljava/lang/String;)Z @ 38
Event: 0.969 Thread 0x0000000004eb2800 Uncommon trap: reason=unstable_if action=reinterpret pc=0x00000000051cbcbc method=sun.misc.MetaIndex.mayContain(Ljava/lang/String;)Z @ 38
Event: 1.145 Thread 0x0000000004eb2800 Uncommon trap: reason=unstable_if action=reinterpret pc=0x000000000521edc8 method=java.io.WinNTFileSystem.normalize(Ljava/lang/String;)Ljava/lang/String; @ 128
Event: 1.307 Thread 0x0000000004eb2800 Uncommon trap: reason=unstable_if action=reinterpret pc=0x00000000051b14c8 method=java.lang.AbstractStringBuilder.append(Ljava/lang/String;)Ljava/lang/AbstractStringBuilder; @ 1
Event: 1.385 Thread 0x0000000004eb2800 Uncommon trap: reason=unstable_if action=reinterpret pc=0x00000000052817bc method=java.lang.CharacterDataLatin1.isWhitespace(I)Z @ 14
Event: 1.442 Thread 0x0000000004eb2800 Uncommon trap: reason=predicate action=maybe_recompile pc=0x00000000052222a0 method=sun.net.www.ParseUtil.encodePath(Ljava/lang/String;Z)Ljava/lang/String; @ 36
Event: 1.653 Thread 0x0000000004eb2800 Uncommon trap: reason=bimorphic action=maybe_recompile pc=0x00000000052a2a50 method=java.util.HashMap.putVal(ILjava/lang/Object;Ljava/lang/Object;ZZ)Ljava/lang/Object; @ 203

Classes redefined (0 events):
No events

Internal exceptions (10 events):
Event: 1.319 Thread 0x0000000004eb2800 Exception <a 'java/security/PrivilegedActionException'> (0x00000000e0ca7998) thrown at [C:\re\workspace\8-2-build-windows-amd64-cygwin\jdk8u181\11358\hotspot\src\share\vm\prims\jvm.cpp, line 1435]
Event: 1.323 Thread 0x0000000004eb2800 Exception <a 'java/security/PrivilegedActionException'> (0x00000000e0d12b38) thrown at [C:\re\workspace\8-2-build-windows-amd64-cygwin\jdk8u181\11358\hotspot\src\share\vm\prims\jvm.cpp, line 1435]
Event: 1.323 Thread 0x0000000004eb2800 Exception <a 'java/security/PrivilegedActionException'> (0x00000000e0d12f30) thrown at [C:\re\workspace\8-2-build-windows-amd64-cygwin\jdk8u181\11358\hotspot\src\share\vm\prims\jvm.cpp, line 1435]
Event: 1.323 Thread 0x0000000004eb2800 Exception <a 'java/security/PrivilegedActionException'> (0x00000000e0d17130) thrown at [C:\re\workspace\8-2-build-windows-amd64-cygwin\jdk8u181\11358\hotspot\src\share\vm\prims\jvm.cpp, line 1435]
Event: 1.323 Thread 0x0000000004eb2800 Exception <a 'java/security/PrivilegedActionException'> (0x00000000e0d17528) thrown at [C:\re\workspace\8-2-build-windows-amd64-cygwin\jdk8u181\11358\hotspot\src\share\vm\prims\jvm.cpp, line 1435]
Event: 1.323 Thread 0x0000000004eb2800 Exception <a 'java/security/PrivilegedActionException'> (0x00000000e0d1bc18) thrown at [C:\re\workspace\8-2-build-windows-amd64-cygwin\jdk8u181\11358\hotspot\src\share\vm\prims\jvm.cpp, line 1435]
Event: 1.323 Thread 0x0000000004eb2800 Exception <a 'java/security/PrivilegedActionException'> (0x00000000e0d1c010) thrown at [C:\re\workspace\8-2-build-windows-amd64-cygwin\jdk8u181\11358\hotspot\src\share\vm\prims\jvm.cpp, line 1435]
Event: 1.324 Thread 0x0000000004eb2800 Exception <a 'java/security/PrivilegedActionException'> (0x00000000e0d20428) thrown at [C:\re\workspace\8-2-build-windows-amd64-cygwin\jdk8u181\11358\hotspot\src\share\vm\prims\jvm.cpp, line 1435]
Event: 1.324 Thread 0x0000000004eb2800 Exception <a 'java/security/PrivilegedActionException'> (0x00000000e0d20820) thrown at [C:\re\workspace\8-2-build-windows-amd64-cygwin\jdk8u181\11358\hotspot\src\share\vm\prims\jvm.cpp, line 1435]
Event: 1.681 Thread 0x0000000004eb2800 Exception <a 'java/lang/AbstractMethodError': com.mysql.jdbc.JDBC4Connection.getSchema()Ljava/lang/String;> (0x00000000e0cb82a8) thrown at [C:\re\workspace\8-2-build-windows-amd64-cygwin\jdk8u181\11358\hotspot\src\share\vm\interpreter\linkResolver.cpp, li

Events (10 events):
Event: 2.123 loading class net/bytebuddy/jar/asm/Symbol
Event: 2.123 loading class net/bytebuddy/jar/asm/Symbol done
Event: 2.123 loading class net/bytebuddy/jar/asm/SymbolTable$Entry
Event: 2.123 loading class net/bytebuddy/jar/asm/SymbolTable$Entry done
Event: 2.124 loading class net/bytebuddy/jar/asm/ByteVector
Event: 2.124 loading class net/bytebuddy/jar/asm/ByteVector done
Event: 2.124 loading class net/bytebuddy/implementation/Implementation$Context$Default
Event: 2.124 loading class net/bytebuddy/implementation/Implementation$Context$Default done
Event: 2.125 loading class net/bytebuddy/implementation/Implementation$Context$ExtractableView$AbstractBase
Event: 2.125 loading class net/bytebuddy/implementation/Implementation$Context$ExtractableView$AbstractBase done


Dynamic libraries:
0x00007ff78f400000 - 0x00007ff78f437000 	C:\Program Files\Java\jdk1.8.0_181\bin\javaw.exe
0x00007ffd64080000 - 0x00007ffd64260000 	C:\Windows\SYSTEM32\ntdll.dll
0x00007ffd631b0000 - 0x00007ffd6325e000 	C:\Windows\System32\KERNEL32.DLL
0x00007ffd612e0000 - 0x00007ffd61546000 	C:\Windows\System32\KERNELBASE.dll
0x00007ffd63870000 - 0x00007ffd63911000 	C:\Windows\System32\ADVAPI32.dll
0x00007ffd61980000 - 0x00007ffd61a1d000 	C:\Windows\System32\msvcrt.dll
0x00007ffd63150000 - 0x00007ffd631ab000 	C:\Windows\System32\sechost.dll
0x00007ffd63030000 - 0x00007ffd6314f000 	C:\Windows\System32\RPCRT4.dll
0x00007ffd61680000 - 0x00007ffd6180f000 	C:\Windows\System32\USER32.dll
0x00007ffd60ca0000 - 0x00007ffd60cc0000 	C:\Windows\System32\win32u.dll
0x00007ffd63920000 - 0x00007ffd63948000 	C:\Windows\System32\GDI32.dll
0x00007ffd60cc0000 - 0x00007ffd60e53000 	C:\Windows\System32\gdi32full.dll
0x00007ffd61010000 - 0x00007ffd610ab000 	C:\Windows\System32\msvcp_win.dll
0x00007ffd60f10000 - 0x00007ffd61005000 	C:\Windows\System32\ucrtbase.dll
0x00007ffd55580000 - 0x00007ffd557e9000 	C:\Windows\WinSxS\amd64_microsoft.windows.common-controls_6595b64144ccf1df_6.0.16299.847_none_15cddd1e93602b6a\COMCTL32.dll
0x00007ffd639f0000 - 0x00007ffd63cf6000 	C:\Windows\System32\combase.dll
0x00007ffd604d0000 - 0x00007ffd60542000 	C:\Windows\System32\bcryptPrimitives.dll
0x00007ffd639c0000 - 0x00007ffd639ed000 	C:\Windows\System32\IMM32.DLL
0x00007ffd20900000 - 0x00007ffd209b2000 	C:\Program Files\McAfee\Endpoint Security\Threat Prevention\Ips\EpMPApi.dll
0x00007ffd61280000 - 0x00007ffd612d8000 	C:\Windows\System32\WINTRUST.dll
0x00007ffd60460000 - 0x00007ffd60472000 	C:\Windows\System32\MSASN1.dll
0x00007ffd610b0000 - 0x00007ffd6127e000 	C:\Windows\System32\CRYPT32.dll
0x000000006ac20000 - 0x000000006ac2c000 	C:\Program Files\McAfee\Endpoint Security\Threat Prevention\Ips\EpMPThe.dll
0x000000006aa10000 - 0x000000006aae2000 	C:\Program Files\Java\jdk1.8.0_181\jre\bin\msvcr100.dll
0x0000000068f00000 - 0x00000000697a2000 	C:\Program Files\Java\jdk1.8.0_181\jre\bin\server\jvm.dll
0x00007ffd63950000 - 0x00007ffd63958000 	C:\Windows\System32\PSAPI.DLL
0x00007ffd542c0000 - 0x00007ffd542ca000 	C:\Windows\SYSTEM32\VERSION.dll
0x00007ffd5e760000 - 0x00007ffd5e783000 	C:\Windows\SYSTEM32\WINMM.dll
0x00007ffd5e730000 - 0x00007ffd5e75a000 	C:\Windows\SYSTEM32\winmmbase.dll
0x00007ffd60480000 - 0x00007ffd604ca000 	C:\Windows\System32\cfgmgr32.dll
0x00007ffd41dc0000 - 0x00007ffd41dc9000 	C:\Windows\SYSTEM32\WSOCK32.dll
0x0000000004cd0000 - 0x0000000004d3c000 	C:\Windows\System32\ws2_32.DLL
0x000000006caf0000 - 0x000000006caff000 	C:\Program Files\Java\jdk1.8.0_181\jre\bin\verify.dll
0x000000006adb0000 - 0x000000006add9000 	C:\Program Files\Java\jdk1.8.0_181\jre\bin\java.dll
0x000000006ca60000 - 0x000000006ca76000 	C:\Program Files\Java\jdk1.8.0_181\jre\bin\zip.dll
0x00007ffd61aa0000 - 0x00007ffd62ed8000 	C:\Windows\System32\SHELL32.dll
0x00007ffd62f80000 - 0x00007ffd63026000 	C:\Windows\System32\shcore.dll
0x00007ffd60550000 - 0x00007ffd60c97000 	C:\Windows\System32\windows.storage.dll
0x00007ffd61620000 - 0x00007ffd61671000 	C:\Windows\System32\shlwapi.dll
0x00007ffd60440000 - 0x00007ffd60451000 	C:\Windows\System32\kernel.appcore.dll
0x00007ffd603f0000 - 0x00007ffd6043c000 	C:\Windows\System32\powrprof.dll
0x00007ffd603d0000 - 0x00007ffd603eb000 	C:\Windows\System32\profapi.dll
0x00007ffd5fe20000 - 0x00007ffd5fe37000 	C:\Windows\SYSTEM32\CRYPTSP.dll
0x00007ffd5f860000 - 0x00007ffd5f893000 	C:\Windows\system32\rsaenh.dll
0x00007ffd5ff30000 - 0x00007ffd5ff55000 	C:\Windows\SYSTEM32\bcrypt.dll
0x00007ffd60300000 - 0x00007ffd60329000 	C:\Windows\SYSTEM32\USERENV.dll
0x00007ffd5fe40000 - 0x00007ffd5fe4b000 	C:\Windows\SYSTEM32\CRYPTBASE.dll
0x000000006ad60000 - 0x000000006ad7a000 	C:\Program Files\Java\jdk1.8.0_181\jre\bin\net.dll
0x00007ffd5fc60000 - 0x00007ffd5fcc6000 	C:\Windows\system32\mswsock.dll
0x00007ffd5f9f0000 - 0x00007ffd5fa29000 	C:\Windows\SYSTEM32\IPHLPAPI.DLL
0x00007ffd64020000 - 0x00007ffd64028000 	C:\Windows\System32\NSI.dll
0x00007ffd59160000 - 0x00007ffd59176000 	C:\Windows\SYSTEM32\dhcpcsvc6.DLL
0x00007ffd59140000 - 0x00007ffd5915a000 	C:\Windows\SYSTEM32\dhcpcsvc.DLL
0x000000006ad40000 - 0x000000006ad51000 	C:\Program Files\Java\jdk1.8.0_181\jre\bin\nio.dll
0x00007ffd5fa30000 - 0x00007ffd5fae6000 	C:\Windows\SYSTEM32\DNSAPI.dll
0x00007ffd57e20000 - 0x00007ffd57e2a000 	C:\Windows\System32\rasadhlp.dll
0x00007ffd58370000 - 0x00007ffd583e0000 	C:\Windows\System32\fwpuclnt.dll

VM Arguments:
jvm_args: -Dfile.encoding=Cp1252 
java_command: com.zensar.hibernate.main.ComponentMappingMain
java_class_path (initial): D:\SUSMITA\AdvancedJava\Hibernate\ComponentMapping\bin;C:\Users\TRG\Downloads\mysql-connector-java-5.1.9.jar;D:\SUSMITA\AdvancedJava\hibernate-release-5.4.5.Final\lib\required\antlr-2.7.7.jar;D:\SUSMITA\AdvancedJava\hibernate-release-5.4.5.Final\lib\required\byte-buddy-1.9.11.jar;D:\SUSMITA\AdvancedJava\hibernate-release-5.4.5.Final\lib\required\classmate-1.3.4.jar;D:\SUSMITA\AdvancedJava\hibernate-release-5.4.5.Final\lib\required\dom4j-2.1.1.jar;D:\SUSMITA\AdvancedJava\hibernate-release-5.4.5.Final\lib\required\FastInfoset-1.2.15.jar;D:\SUSMITA\AdvancedJava\hibernate-release-5.4.5.Final\lib\required\hibernate-commons-annotations-5.1.0.Final.jar;D:\SUSMITA\AdvancedJava\hibernate-release-5.4.5.Final\lib\required\hibernate-core-5.4.5.Final.jar;D:\SUSMITA\AdvancedJava\hibernate-release-5.4.5.Final\lib\required\istack-commons-runtime-3.0.7.jar;D:\SUSMITA\AdvancedJava\hibernate-release-5.4.5.Final\lib\required\jandex-2.0.5.Final.jar;D:\SUSMITA\AdvancedJava\hibernate-release-5.4.5.Final\lib\required\javassist-3.24.0-GA.jar;D:\SUSMITA\AdvancedJava\hibernate-release-5.4.5.Final\lib\required\javax.activation-api-1.2.0.jar;D:\SUSMITA\AdvancedJava\hibernate-release-5.4.5.Final\lib\required\javax.persistence-api-2.2.jar;D:\SUSMITA\AdvancedJava\hibernate-release-5.4.5.Final\lib\required\jaxb-api-2.3.1.jar;D:\SUSMITA\AdvancedJava\hibernate-release-5.4.5.Final\lib\required\txw2-2.3.1.jar;D:\SUSMITA\AdvancedJava\hibernate-release-5.4.5.Final\lib\required\stax-ex-1.8.jar;D:\SUSMITA\AdvancedJava\hibernate-release-5.4.5.Final\lib\required\jaxb-runtime-2.3.1.jar;D:\SUSMITA\AdvancedJava\hibernate-release-5.4.5.Final\lib\required\jboss-logging-3.3.2.Final.jar;D:\SUSMITA\AdvancedJava\hibernate-release-5.4.5.Final\lib\required\jboss-transaction-api_1.2_spec-1.1.1.Final.jar
Launcher Type: SUN_STANDARD

Environment Variables:
PATH=C:/Program Files/Java/jre1.8.0_181/bin/server;C:/Program Files/Java/jre1.8.0_181/bin;C:/Program Files/Java/jre1.8.0_181/lib/amd64;C:\orant\bin;D:\ORACLEXE\app\oracle\product\10.2.0\server\bin;D:\app\TRG\product\11.2.0\dbhome_3\bin;D:\app\TRG\product\11.2.0\dbhome_2\bin;D:\app\TRG\product\11.2.0\dbhome_1\bin;C:\ProgramData\Oracle\Java\javapath;C:\Windows\system32;C:\Windows;C:\Windows\System32\Wbem;C:\Windows\System32\WindowsPowerShell\v1.0\;C:\Program Files\PuTTY\;C:\Program Files\Microsoft VS Code\bin;C:\Program Files\Java\jdk1.8.0_181\bin;C:\Program Files\Java\jdk-9.0.4\bin;C:\Program Files\Git\cmd;C:\orant\jdk\bin;C:\Program Files (x86)\Brackets\command;C:\Program Files\Microsoft SQL Server\120\DTS\Binn\;C:\Program Files\Microsoft SQL Server\Client SDK\ODBC\110\Tools\Binn\;C:\Program Files (x86)\Microsoft SQL Server\120\Tools\Binn\;C:\Program Files\Microsoft SQL Server\120\Tools\Binn\;C:\Program Files (x86)\Microsoft SQL Server\120\Tools\Binn\ManagementStudio\;C:\Program Files (x86)\Microsoft SQL Server\120\DTS\Binn\;C:\Program Files\dotnet\;C:\Program Files\Microsoft SQL Server\130\Tools\Binn\;C:\Program Files\nodejs\;C:\Users\TRG\AppData\Local\Microsoft\WindowsApps;C:\Program Files\Java\jdk-9.0.4\bin;C:\Program Files\Java\jdk1.8.0_181\bin;C:\Users\TRG\AppData\Roaming\npm;D:\SUSMITA\AdvancedJava\eclipse;
USERNAME=TRG
OS=Windows_NT
PROCESSOR_IDENTIFIER=Intel64 Family 6 Model 60 Stepping 3, GenuineIntel



---------------  S Y S T E M  ---------------

OS: Windows 10.0 , 64 bit Build 16299 (10.0.16299.431)

CPU:total 4 (initial active 4) (2 cores per cpu, 2 threads per core) family 6 model 60 stepping 3, cmov, cx8, fxsr, mmx, sse, sse2, sse3, ssse3, sse4.1, sse4.2, popcnt, avx, avx2, aes, clmul, erms, lzcnt, ht, tsc, tscinvbit, bmi1, bmi2

Memory: 4k page, physical 6208032k(1126200k free), swap 12401184k(3060k free)

vm_info: Java HotSpot(TM) 64-Bit Server VM (25.181-b13) for windows-amd64 JRE (1.8.0_181-b13), built on Jul  7 2018 04:01:33 by "java_re" with MS VC++ 10.0 (VS2010)

time: Fri Sep 27 09:56:34 2019
elapsed time: 2 seconds (0d 0h 0m 2s)

