#
# There is insufficient memory for the Java Runtime Environment to continue.
# Native memory allocation (malloc) failed to allocate 2042256 bytes for Chunk::new
# Possible reasons:
#   The system is out of physical RAM or swap space
#   In 32 bit mode, the process size limit was hit
# Possible solutions:
#   Reduce memory load on the system
#   Increase physical memory or swap space
#   Check if swap backing store is full
#   Use 64 bit Java on a 64 bit OS
#   Decrease Java heap size (-Xmx/-Xms)
#   Decrease number of Java threads
#   Decrease Java thread stack sizes (-Xss)
#   Set larger code cache with -XX:ReservedCodeCacheSize=
# This output file may be truncated or incomplete.
#
#  Out of Memory Error (allocation.cpp:390), pid=10932, tid=0x00000000000042e4
#
# JRE version: Java(TM) SE Runtime Environment (8.0_181-b13) (build 1.8.0_181-b13)
# Java VM: Java HotSpot(TM) 64-Bit Server VM (25.181-b13 mixed mode windows-amd64 compressed oops)
# Failed to write core dump. Minidumps are not enabled by default on client versions of Windows
#

---------------  T H R E A D  ---------------

Current thread (0x0000000018d52800):  JavaThread "C2 CompilerThread1" daemon [_thread_in_native, id=17124, stack(0x000000001a5a0000,0x000000001a6a0000)]

Stack: [0x000000001a5a0000,0x000000001a6a0000]
[error occurred during error reporting (printing stack bounds), id 0xc0000005]

Native frames: (J=compiled Java code, j=interpreted, Vv=VM code, C=native code)


Current CompileTask:
C2:   3510 1289       4       java.net.URLClassLoader$1::run (5 bytes)


---------------  P R O C E S S  ---------------

Java Threads: ( => current thread )
  0x000000001b41e800 JavaThread "Hibernate Connection Pool Validation Thread" daemon [_thread_blocked, id=15540, stack(0x000000001c3e0000,0x000000001c4e0000)]
  0x000000001b41c000 JavaThread "MySQL Statement Cancellation Timer" daemon [_thread_blocked, id=4456, stack(0x000000001c0e0000,0x000000001c1e0000)]
  0x000000001a7c3000 JavaThread "Service Thread" daemon [_thread_blocked, id=7772, stack(0x000000001aba0000,0x000000001aca0000)]
  0x0000000018d5c800 JavaThread "C1 CompilerThread2" daemon [_thread_blocked, id=8332, stack(0x000000001a6a0000,0x000000001a7a0000)]
=>0x0000000018d52800 JavaThread "C2 CompilerThread1" daemon [_thread_in_native, id=17124, stack(0x000000001a5a0000,0x000000001a6a0000)]
  0x0000000018d4f800 JavaThread "C2 CompilerThread0" daemon [_thread_in_native, id=8032, stack(0x000000001a4a0000,0x000000001a5a0000)]
  0x0000000018d4d800 JavaThread "Attach Listener" daemon [_thread_blocked, id=552, stack(0x000000001a3a0000,0x000000001a4a0000)]
  0x0000000018d4c800 JavaThread "Signal Dispatcher" daemon [_thread_blocked, id=5736, stack(0x000000001a2a0000,0x000000001a3a0000)]
  0x000000000548c800 JavaThread "Finalizer" daemon [_thread_blocked, id=12260, stack(0x0000000019fb0000,0x000000001a0b0000)]
  0x0000000005483000 JavaThread "Reference Handler" daemon [_thread_blocked, id=17656, stack(0x0000000019eb0000,0x0000000019fb0000)]
  0x0000000005392800 JavaThread "main" [_thread_in_native, id=1000, stack(0x0000000005200000,0x0000000005300000)]

Other Threads:
  0x0000000018d17000 VMThread [stack: 0x0000000019db0000,0x0000000019eb0000] [id=3380]
  0x0000000018dad800 WatcherThread [stack: 0x000000001aca0000,0x000000001ada0000] [id=11800]

VM state:not at safepoint (normal execution)

VM Mutex/Monitor currently owned by a thread: None

Heap:
 PSYoungGen      total 28672K, used 16217K [0x00000000e0700000, 0x00000000e2700000, 0x0000000100000000)
  eden space 24576K, 49% used [0x00000000e0700000,0x00000000e12ddcc0,0x00000000e1f00000)
  from space 4096K, 99% used [0x00000000e1f00000,0x00000000e22f8a70,0x00000000e2300000)
  to   space 4096K, 0% used [0x00000000e2300000,0x00000000e2300000,0x00000000e2700000)
 ParOldGen       total 50688K, used 7776K [0x00000000a1400000, 0x00000000a4580000, 0x00000000e0700000)
  object space 50688K, 15% used [0x00000000a1400000,0x00000000a1b98198,0x00000000a4580000)
 Metaspace       used 28034K, capacity 28324K, committed 28672K, reserved 1073152K
  class space    used 3881K, capacity 4007K, committed 4096K, reserved 1048576K

Card table byte_map: [0x0000000014850000,0x0000000014b50000] byte_map_base: 0x0000000014346000

Marking Bits: (ParMarkBitMap*) 0x0000000069722d00
 Begin Bits: [0x0000000015150000, 0x0000000016900000)
 End Bits:   [0x0000000016900000, 0x00000000180b0000)

Polling page: 0x0000000005150000

CodeCache: size=245760Kb used=4778Kb max_used=4778Kb free=240981Kb
 bounds [0x0000000005490000, 0x0000000005940000, 0x0000000014490000]
 total_blobs=1931 nmethods=1426 adapters=416
 compilation: enabled

Compilation events (10 events):
Event: 3.367 Thread 0x0000000018d5c800 1420       3       jdk.internal.org.objectweb.asm.Frame::pop (43 bytes)
Event: 3.367 Thread 0x0000000018d5c800 nmethod 1420 0x0000000005935fd0 code [0x0000000005936140, 0x0000000005936330]
Event: 3.367 Thread 0x0000000018d5c800 1421       3       java.lang.invoke.InvokerBytecodeGenerator::emitPushArgument (28 bytes)
Event: 3.367 Thread 0x0000000018d5c800 nmethod 1421 0x0000000005935650 code [0x00000000059357e0, 0x0000000005935cd8]
Event: 3.367 Thread 0x0000000018d5c800 1422       3       java.lang.invoke.InvokerBytecodeGenerator::emitPushArgument (120 bytes)
Event: 3.368 Thread 0x0000000018d5c800 nmethod 1422 0x0000000005938d10 code [0x0000000005938fa0, 0x0000000005939f78]
Event: 3.368 Thread 0x0000000018d5c800 1423       3       java.lang.invoke.InvokerBytecodeGenerator::emitLoadInsn (21 bytes)
Event: 3.369 Thread 0x0000000018d5c800 nmethod 1423 0x000000000593a650 code [0x000000000593a7c0, 0x000000000593aa58]
Event: 3.369 Thread 0x0000000018d5c800 1424       3       java.lang.invoke.InvokerBytecodeGenerator::loadInsnOpcode (86 bytes)
Event: 3.370 Thread 0x0000000018d5c800 nmethod 1424 0x000000000593ab90 code [0x000000000593ada0, 0x000000000593b8f8]

GC Heap History (10 events):
Event: 0.706 GC heap before
{Heap before GC invocations=2 (full 0):
 PSYoungGen      total 28672K, used 25246K [0x00000000e0700000, 0x00000000e2700000, 0x0000000100000000)
  eden space 24576K, 100% used [0x00000000e0700000,0x00000000e1f00000,0x00000000e1f00000)
  from space 4096K, 16% used [0x00000000e1f00000,0x00000000e1fa78a8,0x00000000e2300000)
  to   space 4096K, 0% used [0x00000000e2300000,0x00000000e2300000,0x00000000e2700000)
 ParOldGen       total 65536K, used 8K [0x00000000a1400000, 0x00000000a5400000, 0x00000000e0700000)
  object space 65536K, 0% used [0x00000000a1400000,0x00000000a1402000,0x00000000a5400000)
 Metaspace       used 7210K, capacity 7326K, committed 7424K, reserved 1056768K
  class space    used 894K, capacity 952K, committed 1024K, reserved 1048576K
Event: 0.711 GC heap after
Heap after GC invocations=2 (full 0):
 PSYoungGen      total 28672K, used 3265K [0x00000000e0700000, 0x00000000e2700000, 0x0000000100000000)
  eden space 24576K, 0% used [0x00000000e0700000,0x00000000e0700000,0x00000000e1f00000)
  from space 4096K, 79% used [0x00000000e2300000,0x00000000e26306c0,0x00000000e2700000)
  to   space 4096K, 0% used [0x00000000e1f00000,0x00000000e1f00000,0x00000000e2300000)
 ParOldGen       total 65536K, used 16K [0x00000000a1400000, 0x00000000a5400000, 0x00000000e0700000)
  object space 65536K, 0% used [0x00000000a1400000,0x00000000a1404000,0x00000000a5400000)
 Metaspace       used 7210K, capacity 7326K, committed 7424K, reserved 1056768K
  class space    used 894K, capacity 952K, committed 1024K, reserved 1048576K
}
Event: 1.654 GC heap before
{Heap before GC invocations=3 (full 0):
 PSYoungGen      total 28672K, used 27841K [0x00000000e0700000, 0x00000000e2700000, 0x0000000100000000)
  eden space 24576K, 100% used [0x00000000e0700000,0x00000000e1f00000,0x00000000e1f00000)
  from space 4096K, 79% used [0x00000000e2300000,0x00000000e26306c0,0x00000000e2700000)
  to   space 4096K, 0% used [0x00000000e1f00000,0x00000000e1f00000,0x00000000e2300000)
 ParOldGen       total 65536K, used 16K [0x00000000a1400000, 0x00000000a5400000, 0x00000000e0700000)
  object space 65536K, 0% used [0x00000000a1400000,0x00000000a1404000,0x00000000a5400000)
 Metaspace       used 14793K, capacity 14958K, committed 15232K, reserved 1062912K
  class space    used 1998K, capacity 2082K, committed 2176K, reserved 1048576K
Event: 1.664 GC heap after
Heap after GC invocations=3 (full 0):
 PSYoungGen      total 28672K, used 4065K [0x00000000e0700000, 0x00000000e2700000, 0x0000000100000000)
  eden space 24576K, 0% used [0x00000000e0700000,0x00000000e0700000,0x00000000e1f00000)
  from space 4096K, 99% used [0x00000000e1f00000,0x00000000e22f8760,0x00000000e2300000)
  to   space 4096K, 0% used [0x00000000e2300000,0x00000000e2300000,0x00000000e2700000)
 ParOldGen       total 65536K, used 2172K [0x00000000a1400000, 0x00000000a5400000, 0x00000000e0700000)
  object space 65536K, 3% used [0x00000000a1400000,0x00000000a161f3e0,0x00000000a5400000)
 Metaspace       used 14793K, capacity 14958K, committed 15232K, reserved 1062912K
  class space    used 1998K, capacity 2082K, committed 2176K, reserved 1048576K
}
Event: 2.449 GC heap before
{Heap before GC invocations=4 (full 0):
 PSYoungGen      total 28672K, used 26987K [0x00000000e0700000, 0x00000000e2700000, 0x0000000100000000)
  eden space 24576K, 93% used [0x00000000e0700000,0x00000000e1d626b0,0x00000000e1f00000)
  from space 4096K, 99% used [0x00000000e1f00000,0x00000000e22f8760,0x00000000e2300000)
  to   space 4096K, 0% used [0x00000000e2300000,0x00000000e2300000,0x00000000e2700000)
 ParOldGen       total 65536K, used 2172K [0x00000000a1400000, 0x00000000a5400000, 0x00000000e0700000)
  object space 65536K, 3% used [0x00000000a1400000,0x00000000a161f3e0,0x00000000a5400000)
 Metaspace       used 20892K, capacity 21092K, committed 21296K, reserved 1067008K
  class space    used 2808K, capacity 2891K, committed 2944K, reserved 1048576K
Event: 2.458 GC heap after
Heap after GC invocations=4 (full 0):
 PSYoungGen      total 28672K, used 4070K [0x00000000e0700000, 0x00000000e2700000, 0x0000000100000000)
  eden space 24576K, 0% used [0x00000000e0700000,0x00000000e0700000,0x00000000e1f00000)
  from space 4096K, 99% used [0x00000000e2300000,0x00000000e26f98c0,0x00000000e2700000)
  to   space 4096K, 0% used [0x00000000e1f00000,0x00000000e1f00000,0x00000000e2300000)
 ParOldGen       total 65536K, used 5385K [0x00000000a1400000, 0x00000000a5400000, 0x00000000e0700000)
  object space 65536K, 8% used [0x00000000a1400000,0x00000000a19425d0,0x00000000a5400000)
 Metaspace       used 20892K, capacity 21092K, committed 21296K, reserved 1067008K
  class space    used 2808K, capacity 2891K, committed 2944K, reserved 1048576K
}
Event: 2.458 GC heap before
{Heap before GC invocations=5 (full 1):
 PSYoungGen      total 28672K, used 4070K [0x00000000e0700000, 0x00000000e2700000, 0x0000000100000000)
  eden space 24576K, 0% used [0x00000000e0700000,0x00000000e0700000,0x00000000e1f00000)
  from space 4096K, 99% used [0x00000000e2300000,0x00000000e26f98c0,0x00000000e2700000)
  to   space 4096K, 0% used [0x00000000e1f00000,0x00000000e1f00000,0x00000000e2300000)
 ParOldGen       total 65536K, used 5385K [0x00000000a1400000, 0x00000000a5400000, 0x00000000e0700000)
  object space 65536K, 8% used [0x00000000a1400000,0x00000000a19425d0,0x00000000a5400000)
 Metaspace       used 20892K, capacity 21092K, committed 21296K, reserved 1067008K
  class space    used 2808K, capacity 2891K, committed 2944K, reserved 1048576K
Event: 2.493 GC heap after
Heap after GC invocations=5 (full 1):
 PSYoungGen      total 28672K, used 0K [0x00000000e0700000, 0x00000000e2700000, 0x0000000100000000)
  eden space 24576K, 0% used [0x00000000e0700000,0x00000000e0700000,0x00000000e1f00000)
  from space 4096K, 0% used [0x00000000e2300000,0x00000000e2300000,0x00000000e2700000)
  to   space 4096K, 0% used [0x00000000e1f00000,0x00000000e1f00000,0x00000000e2300000)
 ParOldGen       total 50688K, used 7173K [0x00000000a1400000, 0x00000000a4580000, 0x00000000e0700000)
  object space 50688K, 14% used [0x00000000a1400000,0x00000000a1b016f0,0x00000000a4580000)
 Metaspace       used 20892K, capacity 21092K, committed 21296K, reserved 1067008K
  class space    used 2808K, capacity 2891K, committed 2944K, reserved 1048576K
}
Event: 2.975 GC heap before
{Heap before GC invocations=6 (full 1):
 PSYoungGen      total 28672K, used 24576K [0x00000000e0700000, 0x00000000e2700000, 0x0000000100000000)
  eden space 24576K, 100% used [0x00000000e0700000,0x00000000e1f00000,0x00000000e1f00000)
  from space 4096K, 0% used [0x00000000e2300000,0x00000000e2300000,0x00000000e2700000)
  to   space 4096K, 0% used [0x00000000e1f00000,0x00000000e1f00000,0x00000000e2300000)
 ParOldGen       total 50688K, used 7173K [0x00000000a1400000, 0x00000000a4580000, 0x00000000e0700000)
  object space 50688K, 14% used [0x00000000a1400000,0x00000000a1b016f0,0x00000000a4580000)
 Metaspace       used 25633K, capacity 25890K, committed 26240K, reserved 1071104K
  class space    used 3568K, capacity 3646K, committed 3712K, reserved 1048576K
Event: 2.979 GC heap after
Heap after GC invocations=6 (full 1):
 PSYoungGen      total 28672K, used 4066K [0x00000000e0700000, 0x00000000e2700000, 0x0000000100000000)
  eden space 24576K, 0% used [0x00000000e0700000,0x00000000e0700000,0x00000000e1f00000)
  from space 4096K, 99% used [0x00000000e1f00000,0x00000000e22f8a70,0x00000000e2300000)
  to   space 4096K, 0% used [0x00000000e2300000,0x00000000e2300000,0x00000000e2700000)
 ParOldGen       total 50688K, used 7776K [0x00000000a1400000, 0x00000000a4580000, 0x00000000e0700000)
  object space 50688K, 15% used [0x00000000a1400000,0x00000000a1b98198,0x00000000a4580000)
 Metaspace       used 25633K, capacity 25890K, committed 26240K, reserved 1071104K
  class space    used 3568K, capacity 3646K, committed 3712K, reserved 1048576K
}

Deoptimization events (10 events):
Event: 1.284 Thread 0x0000000005392800 Uncommon trap: reason=unstable_if action=reinterpret pc=0x00000000056b7e90 method=java.lang.AbstractStringBuilder.append(Ljava/lang/String;)Ljava/lang/AbstractStringBuilder; @ 1
Event: 1.305 Thread 0x0000000005392800 Uncommon trap: reason=unstable_if action=reinterpret pc=0x0000000005737df4 method=sun.misc.MetaIndex.mayContain(Ljava/lang/String;)Z @ 38
Event: 1.310 Thread 0x0000000005392800 Uncommon trap: reason=unstable_if action=reinterpret pc=0x00000000056a737c method=sun.misc.MetaIndex.mayContain(Ljava/lang/String;)Z @ 38
Event: 1.552 Thread 0x0000000005392800 Uncommon trap: reason=unstable_if action=reinterpret pc=0x000000000570c848 method=java.io.WinNTFileSystem.normalize(Ljava/lang/String;)Ljava/lang/String; @ 128
Event: 1.772 Thread 0x0000000005392800 Uncommon trap: reason=unstable_if action=reinterpret pc=0x00000000056be824 method=java.lang.AbstractStringBuilder.append(Ljava/lang/String;)Ljava/lang/AbstractStringBuilder; @ 1
Event: 1.838 Thread 0x0000000005392800 Uncommon trap: reason=unstable_if action=reinterpret pc=0x0000000005772c3c method=java.lang.CharacterDataLatin1.isWhitespace(I)Z @ 14
Event: 1.899 Thread 0x0000000005392800 Uncommon trap: reason=predicate action=maybe_recompile pc=0x000000000570ba20 method=sun.net.www.ParseUtil.encodePath(Ljava/lang/String;Z)Ljava/lang/String; @ 36
Event: 2.266 Thread 0x0000000005392800 Uncommon trap: reason=bimorphic action=maybe_recompile pc=0x0000000005785494 method=java.util.HashMap.putVal(ILjava/lang/Object;Ljava/lang/Object;ZZ)Ljava/lang/Object; @ 203
Event: 3.158 Thread 0x0000000005392800 Uncommon trap: reason=unstable_if action=reinterpret pc=0x00000000057cf2e8 method=java.lang.String.regionMatches(ZILjava/lang/String;II)Z @ 123
Event: 3.158 Thread 0x0000000005392800 Uncommon trap: reason=unstable_if action=reinterpret pc=0x00000000057f55c8 method=java.lang.String.regionMatches(ZILjava/lang/String;II)Z @ 123

Classes redefined (0 events):
No events

Internal exceptions (10 events):
Event: 1.787 Thread 0x0000000005392800 Exception <a 'java/security/PrivilegedActionException'> (0x00000000e0ca88c8) thrown at [C:\re\workspace\8-2-build-windows-amd64-cygwin\jdk8u181\11358\hotspot\src\share\vm\prims\jvm.cpp, line 1435]
Event: 1.792 Thread 0x0000000005392800 Exception <a 'java/security/PrivilegedActionException'> (0x00000000e0d13a60) thrown at [C:\re\workspace\8-2-build-windows-amd64-cygwin\jdk8u181\11358\hotspot\src\share\vm\prims\jvm.cpp, line 1435]
Event: 1.792 Thread 0x0000000005392800 Exception <a 'java/security/PrivilegedActionException'> (0x00000000e0d13e58) thrown at [C:\re\workspace\8-2-build-windows-amd64-cygwin\jdk8u181\11358\hotspot\src\share\vm\prims\jvm.cpp, line 1435]
Event: 1.792 Thread 0x0000000005392800 Exception <a 'java/security/PrivilegedActionException'> (0x00000000e0d18058) thrown at [C:\re\workspace\8-2-build-windows-amd64-cygwin\jdk8u181\11358\hotspot\src\share\vm\prims\jvm.cpp, line 1435]
Event: 1.792 Thread 0x0000000005392800 Exception <a 'java/security/PrivilegedActionException'> (0x00000000e0d18450) thrown at [C:\re\workspace\8-2-build-windows-amd64-cygwin\jdk8u181\11358\hotspot\src\share\vm\prims\jvm.cpp, line 1435]
Event: 1.793 Thread 0x0000000005392800 Exception <a 'java/security/PrivilegedActionException'> (0x00000000e0d1cb40) thrown at [C:\re\workspace\8-2-build-windows-amd64-cygwin\jdk8u181\11358\hotspot\src\share\vm\prims\jvm.cpp, line 1435]
Event: 1.793 Thread 0x0000000005392800 Exception <a 'java/security/PrivilegedActionException'> (0x00000000e0d1cf38) thrown at [C:\re\workspace\8-2-build-windows-amd64-cygwin\jdk8u181\11358\hotspot\src\share\vm\prims\jvm.cpp, line 1435]
Event: 1.793 Thread 0x0000000005392800 Exception <a 'java/security/PrivilegedActionException'> (0x00000000e0d21350) thrown at [C:\re\workspace\8-2-build-windows-amd64-cygwin\jdk8u181\11358\hotspot\src\share\vm\prims\jvm.cpp, line 1435]
Event: 1.793 Thread 0x0000000005392800 Exception <a 'java/security/PrivilegedActionException'> (0x00000000e0d21748) thrown at [C:\re\workspace\8-2-build-windows-amd64-cygwin\jdk8u181\11358\hotspot\src\share\vm\prims\jvm.cpp, line 1435]
Event: 2.296 Thread 0x0000000005392800 Exception <a 'java/lang/AbstractMethodError': com.mysql.jdbc.JDBC4Connection.getSchema()Ljava/lang/String;> (0x00000000e13f61f8) thrown at [C:\re\workspace\8-2-build-windows-amd64-cygwin\jdk8u181\11358\hotspot\src\share\vm\interpreter\linkResolver.cpp, li

Events (10 events):
Event: 3.378 loading class org/hibernate/loader/entity/CacheEntityLoaderHelper$PersistenceContextEntry
Event: 3.378 loading class org/hibernate/loader/entity/CacheEntityLoaderHelper$PersistenceContextEntry done
Event: 3.378 loading class org/hibernate/loader/entity/CacheEntityLoaderHelper$EntityStatus
Event: 3.378 loading class org/hibernate/loader/entity/CacheEntityLoaderHelper$EntityStatus done
Event: 3.378 loading class org/hibernate/engine/spi/QueryParameters
Event: 3.378 loading class org/hibernate/engine/spi/QueryParameters done
Event: 3.455 loading class org/hibernate/dialect/pagination/LimitHelper
Event: 3.455 loading class org/hibernate/dialect/pagination/LimitHelper done
Event: 3.455 loading class org/hibernate/dialect/pagination/NoopLimitHandler
Event: 3.455 loading class org/hibernate/dialect/pagination/NoopLimitHandler done


Dynamic libraries:
0x00007ff78f400000 - 0x00007ff78f437000 	C:\Program Files\Java\jdk1.8.0_181\bin\javaw.exe
0x00007ffd64080000 - 0x00007ffd64260000 	C:\Windows\SYSTEM32\ntdll.dll
0x00007ffd631b0000 - 0x00007ffd6325e000 	C:\Windows\System32\KERNEL32.DLL
0x00007ffd612e0000 - 0x00007ffd61546000 	C:\Windows\System32\KERNELBASE.dll
0x00007ffd63870000 - 0x00007ffd63911000 	C:\Windows\System32\ADVAPI32.dll
0x00007ffd61980000 - 0x00007ffd61a1d000 	C:\Windows\System32\msvcrt.dll
0x00007ffd63150000 - 0x00007ffd631ab000 	C:\Windows\System32\sechost.dll
0x00007ffd63030000 - 0x00007ffd6314f000 	C:\Windows\System32\RPCRT4.dll
0x00007ffd61680000 - 0x00007ffd6180f000 	C:\Windows\System32\USER32.dll
0x00007ffd60ca0000 - 0x00007ffd60cc0000 	C:\Windows\System32\win32u.dll
0x00007ffd63920000 - 0x00007ffd63948000 	C:\Windows\System32\GDI32.dll
0x00007ffd60cc0000 - 0x00007ffd60e53000 	C:\Windows\System32\gdi32full.dll
0x00007ffd61010000 - 0x00007ffd610ab000 	C:\Windows\System32\msvcp_win.dll
0x00007ffd60f10000 - 0x00007ffd61005000 	C:\Windows\System32\ucrtbase.dll
0x00007ffd55580000 - 0x00007ffd557e9000 	C:\Windows\WinSxS\amd64_microsoft.windows.common-controls_6595b64144ccf1df_6.0.16299.847_none_15cddd1e93602b6a\COMCTL32.dll
0x00007ffd639f0000 - 0x00007ffd63cf6000 	C:\Windows\System32\combase.dll
0x00007ffd604d0000 - 0x00007ffd60542000 	C:\Windows\System32\bcryptPrimitives.dll
0x00007ffd639c0000 - 0x00007ffd639ed000 	C:\Windows\System32\IMM32.DLL
0x00007ffd20900000 - 0x00007ffd209b2000 	C:\Program Files\McAfee\Endpoint Security\Threat Prevention\Ips\EpMPApi.dll
0x00007ffd61280000 - 0x00007ffd612d8000 	C:\Windows\System32\WINTRUST.dll
0x00007ffd60460000 - 0x00007ffd60472000 	C:\Windows\System32\MSASN1.dll
0x00007ffd610b0000 - 0x00007ffd6127e000 	C:\Windows\System32\CRYPT32.dll
0x000000006ac20000 - 0x000000006ac2c000 	C:\Program Files\McAfee\Endpoint Security\Threat Prevention\Ips\EpMPThe.dll
0x000000006aa10000 - 0x000000006aae2000 	C:\Program Files\Java\jdk1.8.0_181\jre\bin\msvcr100.dll
0x0000000068f00000 - 0x00000000697a2000 	C:\Program Files\Java\jdk1.8.0_181\jre\bin\server\jvm.dll
0x00007ffd63950000 - 0x00007ffd63958000 	C:\Windows\System32\PSAPI.DLL
0x00007ffd5e760000 - 0x00007ffd5e783000 	C:\Windows\SYSTEM32\WINMM.dll
0x00007ffd542c0000 - 0x00007ffd542ca000 	C:\Windows\SYSTEM32\VERSION.dll
0x00007ffd5e730000 - 0x00007ffd5e75a000 	C:\Windows\SYSTEM32\WINMMBASE.dll
0x00007ffd60480000 - 0x00007ffd604ca000 	C:\Windows\System32\cfgmgr32.dll
0x00007ffd41dc0000 - 0x00007ffd41dc9000 	C:\Windows\SYSTEM32\WSOCK32.dll
0x00007ffd633b0000 - 0x00007ffd6341c000 	C:\Windows\System32\WS2_32.dll
0x000000006cae0000 - 0x000000006caef000 	C:\Program Files\Java\jdk1.8.0_181\jre\bin\verify.dll
0x000000006adb0000 - 0x000000006add9000 	C:\Program Files\Java\jdk1.8.0_181\jre\bin\java.dll
0x000000006ca60000 - 0x000000006ca76000 	C:\Program Files\Java\jdk1.8.0_181\jre\bin\zip.dll
0x00007ffd61aa0000 - 0x00007ffd62ed8000 	C:\Windows\System32\SHELL32.dll
0x00007ffd62f80000 - 0x00007ffd63026000 	C:\Windows\System32\shcore.dll
0x00007ffd60550000 - 0x00007ffd60c97000 	C:\Windows\System32\windows.storage.dll
0x00007ffd61620000 - 0x00007ffd61671000 	C:\Windows\System32\shlwapi.dll
0x00007ffd60440000 - 0x00007ffd60451000 	C:\Windows\System32\kernel.appcore.dll
0x00007ffd603f0000 - 0x00007ffd6043c000 	C:\Windows\System32\powrprof.dll
0x00007ffd603d0000 - 0x00007ffd603eb000 	C:\Windows\System32\profapi.dll
0x00007ffd5fe20000 - 0x00007ffd5fe37000 	C:\Windows\SYSTEM32\CRYPTSP.dll
0x00007ffd5f860000 - 0x00007ffd5f893000 	C:\Windows\system32\rsaenh.dll
0x00007ffd5ff30000 - 0x00007ffd5ff55000 	C:\Windows\SYSTEM32\bcrypt.dll
0x00007ffd60300000 - 0x00007ffd60329000 	C:\Windows\SYSTEM32\USERENV.dll
0x00007ffd5fe40000 - 0x00007ffd5fe4b000 	C:\Windows\SYSTEM32\CRYPTBASE.dll
0x000000006ad60000 - 0x000000006ad7a000 	C:\Program Files\Java\jdk1.8.0_181\jre\bin\net.dll
0x00007ffd5fc60000 - 0x00007ffd5fcc6000 	C:\Windows\system32\mswsock.dll
0x00007ffd5f9f0000 - 0x00007ffd5fa29000 	C:\Windows\SYSTEM32\IPHLPAPI.DLL
0x00007ffd64020000 - 0x00007ffd64028000 	C:\Windows\System32\NSI.dll
0x00007ffd59160000 - 0x00007ffd59176000 	C:\Windows\SYSTEM32\dhcpcsvc6.DLL
0x00007ffd59140000 - 0x00007ffd5915a000 	C:\Windows\SYSTEM32\dhcpcsvc.DLL
0x000000006ad40000 - 0x000000006ad51000 	C:\Program Files\Java\jdk1.8.0_181\jre\bin\nio.dll
0x00007ffd5fa30000 - 0x00007ffd5fae6000 	C:\Windows\SYSTEM32\DNSAPI.dll
0x00007ffd57e20000 - 0x00007ffd57e2a000 	C:\Windows\System32\rasadhlp.dll
0x00007ffd58370000 - 0x00007ffd583e0000 	C:\Windows\System32\fwpuclnt.dll

VM Arguments:
jvm_args: -Dfile.encoding=Cp1252 
java_command: com.zensar.hibernate.main.CustomerGetDemo
java_class_path (initial): D:\SUSMITA\AdvancedJava\Hibernate\ComponentMapping\bin;C:\Users\TRG\Downloads\mysql-connector-java-5.1.9.jar;D:\SUSMITA\AdvancedJava\hibernate-release-5.4.5.Final\lib\required\antlr-2.7.7.jar;D:\SUSMITA\AdvancedJava\hibernate-release-5.4.5.Final\lib\required\byte-buddy-1.9.11.jar;D:\SUSMITA\AdvancedJava\hibernate-release-5.4.5.Final\lib\required\classmate-1.3.4.jar;D:\SUSMITA\AdvancedJava\hibernate-release-5.4.5.Final\lib\required\dom4j-2.1.1.jar;D:\SUSMITA\AdvancedJava\hibernate-release-5.4.5.Final\lib\required\FastInfoset-1.2.15.jar;D:\SUSMITA\AdvancedJava\hibernate-release-5.4.5.Final\lib\required\hibernate-commons-annotations-5.1.0.Final.jar;D:\SUSMITA\AdvancedJava\hibernate-release-5.4.5.Final\lib\required\hibernate-core-5.4.5.Final.jar;D:\SUSMITA\AdvancedJava\hibernate-release-5.4.5.Final\lib\required\istack-commons-runtime-3.0.7.jar;D:\SUSMITA\AdvancedJava\hibernate-release-5.4.5.Final\lib\required\jandex-2.0.5.Final.jar;D:\SUSMITA\AdvancedJava\hibernate-release-5.4.5.Final\lib\required\javassist-3.24.0-GA.jar;D:\SUSMITA\AdvancedJava\hibernate-release-5.4.5.Final\lib\required\javax.activation-api-1.2.0.jar;D:\SUSMITA\AdvancedJava\hibernate-release-5.4.5.Final\lib\required\javax.persistence-api-2.2.jar;D:\SUSMITA\AdvancedJava\hibernate-release-5.4.5.Final\lib\required\jaxb-api-2.3.1.jar;D:\SUSMITA\AdvancedJava\hibernate-release-5.4.5.Final\lib\required\txw2-2.3.1.jar;D:\SUSMITA\AdvancedJava\hibernate-release-5.4.5.Final\lib\required\stax-ex-1.8.jar;D:\SUSMITA\AdvancedJava\hibernate-release-5.4.5.Final\lib\required\jaxb-runtime-2.3.1.jar;D:\SUSMITA\AdvancedJava\hibernate-release-5.4.5.Final\lib\required\jboss-logging-3.3.2.Final.jar;D:\SUSMITA\AdvancedJava\hibernate-release-5.4.5.Final\lib\required\jboss-transaction-api_1.2_spec-1.1.1.Final.jar
Launcher Type: SUN_STANDARD

Environment Variables:
PATH=C:/Program Files/Java/jre1.8.0_181/bin/server;C:/Program Files/Java/jre1.8.0_181/bin;C:/Program Files/Java/jre1.8.0_181/lib/amd64;C:\orant\bin;D:\ORACLEXE\app\oracle\product\10.2.0\server\bin;D:\app\TRG\product\11.2.0\dbhome_3\bin;D:\app\TRG\product\11.2.0\dbhome_2\bin;D:\app\TRG\product\11.2.0\dbhome_1\bin;C:\ProgramData\Oracle\Java\javapath;C:\Windows\system32;C:\Windows;C:\Windows\System32\Wbem;C:\Windows\System32\WindowsPowerShell\v1.0\;C:\Program Files\PuTTY\;C:\Program Files\Microsoft VS Code\bin;C:\Program Files\Java\jdk1.8.0_181\bin;C:\Program Files\Java\jdk-9.0.4\bin;C:\Program Files\Git\cmd;C:\orant\jdk\bin;C:\Program Files (x86)\Brackets\command;C:\Program Files\Microsoft SQL Server\120\DTS\Binn\;C:\Program Files\Microsoft SQL Server\Client SDK\ODBC\110\Tools\Binn\;C:\Program Files (x86)\Microsoft SQL Server\120\Tools\Binn\;C:\Program Files\Microsoft SQL Server\120\Tools\Binn\;C:\Program Files (x86)\Microsoft SQL Server\120\Tools\Binn\ManagementStudio\;C:\Program Files (x86)\Microsoft SQL Server\120\DTS\Binn\;C:\Program Files\dotnet\;C:\Program Files\Microsoft SQL Server\130\Tools\Binn\;C:\Program Files\nodejs\;C:\Users\TRG\AppData\Local\Microsoft\WindowsApps;C:\Program Files\Java\jdk-9.0.4\bin;C:\Program Files\Java\jdk1.8.0_181\bin;C:\Users\TRG\AppData\Roaming\npm;D:\SUSMITA\AdvancedJava\eclipse;
USERNAME=TRG
OS=Windows_NT
PROCESSOR_IDENTIFIER=Intel64 Family 6 Model 60 Stepping 3, GenuineIntel



---------------  S Y S T E M  ---------------

OS: Windows 10.0 , 64 bit Build 16299 (10.0.16299.431)

CPU:total 4 (initial active 4) (2 cores per cpu, 2 threads per core) family 6 model 60 stepping 3, cmov, cx8, fxsr, mmx, sse, sse2, sse3, ssse3, sse4.1, sse4.2, popcnt, avx, avx2, aes, clmul, erms, lzcnt, ht, tsc, tscinvbit, bmi1, bmi2

Memory: 4k page, physical 6208032k(1212888k free), swap 12401184k(28124k free)

vm_info: Java HotSpot(TM) 64-Bit Server VM (25.181-b13) for windows-amd64 JRE (1.8.0_181-b13), built on Jul  7 2018 04:01:33 by "java_re" with MS VC++ 10.0 (VS2010)

time: Fri Sep 27 10:29:56 2019
elapsed time: 3 seconds (0d 0h 0m 3s)

